<?xml version="1.0" encoding="UTF-8"?>
<!-- Generated by org.testng.reporters.JUnitXMLReporter -->
<testsuite ignored="2" hostname="raifa" failures="0" tests="3" name="Test.xml" time="0.089" errors="0" timestamp="2023-09-20T11:59:26 IST">
  <testcase classname="testng.Testnggroup" name="main1" time="0.013"/>
  <testcase classname="testng.Testnggroup" name="main2" time="0.003"/>
  <testcase classname="testng.Testnggroup" name="main4" time="0.003"/>
  <testcase classname="testng.Testnggroup" name="main5" time="0.0">
    <ignored/>
  </testcase> <!-- main5 -->
  <testcase classname="testng.Testnggroup" name="main3" time="0.0">
    <ignored/>
  </testcase> <!-- main3 -->
</testsuite> <!-- Test.xml -->
