<?xml version="1.0" encoding="UTF-8"?>
<testng-results ignored="0" total="1" passed="1" failed="0" skipped="0">
  <reporter-output>
  </reporter-output>
  <suite started-at="2023-10-09T16:17:51 IST" name="Default suite" finished-at="2023-10-09T16:17:55 IST" duration-ms="3521">
    <groups>
    </groups>
    <test started-at="2023-10-09T16:17:51 IST" name="Default test" finished-at="2023-10-09T16:17:55 IST" duration-ms="3521">
      <class name="testng.Saucedemo">
        <test-method is-config="true" signature="setup()[pri:0, instance:testng.Saucedemo@2cd76f31]" started-at="2023-10-09T16:17:51 IST" name="setup" finished-at="2023-10-09T16:17:53 IST" duration-ms="2148" status="PASS">
          <reporter-output>
          </reporter-output>
        </test-method> <!-- setup -->
        <test-method is-config="true" signature="urlload()[pri:0, instance:testng.Saucedemo@2cd76f31]" started-at="2023-10-09T16:17:53 IST" name="urlload" finished-at="2023-10-09T16:17:54 IST" duration-ms="650" status="PASS">
          <reporter-output>
          </reporter-output>
        </test-method> <!-- urlload -->
        <test-method signature="test1()[pri:0, instance:testng.Saucedemo@2cd76f31]" started-at="2023-10-09T16:17:54 IST" name="test1" finished-at="2023-10-09T16:17:55 IST" duration-ms="680" status="PASS">
          <reporter-output>
          </reporter-output>
        </test-method> <!-- test1 -->
      </class> <!-- testng.Saucedemo -->
    </test> <!-- Default test -->
  </suite> <!-- Default suite -->
</testng-results>
